03:35:00 **** Incremental Build of configuration Release for project Hopscotch ****
make all 
Building file: ../src/Hopscotch.cpp
Invoking: GCC C++ Compiler
g++ -O3 -Wall -std=c++11 -c -fmessage-length=0 -MMD -MP -MF"src/Hopscotch.d" -MT"src/Hopscotch.o" -o "src/Hopscotch.o" "../src/Hopscotch.cpp"
../src/Hopscotch.cpp:57:9: warning: unused variable 'key' [-Wunused-variable]
    int key=0;
        ^
1 warning generated.
Finished building: ../src/Hopscotch.cpp
 
Building file: ../src/LFHash.cpp
Invoking: GCC C++ Compiler
g++ -O3 -Wall -std=c++11 -c -fmessage-length=0 -MMD -MP -MF"src/LFHash.d" -MT"src/LFHash.o" -o "src/LFHash.o" "../src/LFHash.cpp"
In file included from ../src/LFHash.cpp:2:
../src/LFHash.h:125:9: warning: private field 'KEYINFO' is not used [-Wunused-private-field]
    int KEYINFO = 28;
        ^
1 warning generated.
Finished building: ../src/LFHash.cpp
 
Building file: ../src/workload.cpp
Invoking: GCC C++ Compiler
g++ -O3 -Wall -std=c++11 -c -fmessage-length=0 -MMD -MP -MF"src/workload.d" -MT"src/workload.o" -o "src/workload.o" "../src/workload.cpp"
Finished building: ../src/workload.cpp
 
Building target: Hopscotch
Invoking: MacOS X C++ Linker
g++  -o "Hopscotch"  ./src/Hopscotch.o ./src/LFHash.o ./src/workload.o   -lpthread
Finished building target: Hopscotch
 

03:35:02 Build Finished. 0 errors, 2 warnings. (took 1s.978ms)

